2022-08-06 13:33:19,065 [NonParallelWorker] INFO Milestone4specflow.Utility.lognet - generateReport
2022-08-06 13:33:21,137 [NonParallelWorker] INFO Milestone4specflow.Utility.lognet - InitializeDriver
2022-08-06 13:33:21,606 [NonParallelWorker] INFO Milestone4specflow.Utility.lognet - closeDriver
2022-08-06 13:33:23,325 [NonParallelWorker] INFO Milestone4specflow.Utility.lognet - InitializeDriver
2022-08-06 13:33:25,505 [NonParallelWorker] INFO Milestone4specflow.Utility.lognet - NavigateURL
2022-08-06 13:33:27,746 [NonParallelWorker] INFO Milestone4specflow.Utility.lognet - Searchbox
2022-08-06 13:33:30,100 [NonParallelWorker] INFO Milestone4specflow.Utility.lognet - closeDriver
2022-08-06 13:33:31,990 [NonParallelWorker] INFO Milestone4specflow.Utility.lognet - InitializeDriver
2022-08-06 13:33:32,205 [NonParallelWorker] INFO Milestone4specflow.Utility.lognet - closeDriver
2022-08-06 13:33:39,231 [NonParallelWorker] INFO Milestone4specflow.Utility.lognet - flushReport
2022-08-06 13:37:22,937 [NonParallelWorker] INFO Milestone4specflow.Utility.lognet - generateReport
2022-08-06 13:37:24,867 [NonParallelWorker] INFO Milestone4specflow.Utility.lognet - InitializeDriver
2022-08-06 13:37:25,065 [NonParallelWorker] INFO Milestone4specflow.Utility.lognet - closeDriver
2022-08-06 13:37:26,906 [NonParallelWorker] INFO Milestone4specflow.Utility.lognet - InitializeDriver
2022-08-06 13:37:29,208 [NonParallelWorker] INFO Milestone4specflow.Utility.lognet - NavigateURL
2022-08-06 13:37:31,500 [NonParallelWorker] INFO Milestone4specflow.Utility.lognet - Searchbox
2022-08-06 13:37:33,846 [NonParallelWorker] INFO Milestone4specflow.Utility.lognet - closeDriver
2022-08-06 13:37:35,659 [NonParallelWorker] INFO Milestone4specflow.Utility.lognet - InitializeDriver
2022-08-06 13:37:37,579 [NonParallelWorker] INFO Milestone4specflow.Utility.lognet - NavigateURL
2022-08-06 13:37:43,783 [NonParallelWorker] INFO Milestone4specflow.Utility.lognet - closeDriver
2022-08-06 13:37:51,111 [NonParallelWorker] INFO Milestone4specflow.Utility.lognet - flushReport
2022-08-06 13:57:03,232 [NonParallelWorker] INFO Milestone4specflow.Utility.lognet - generateReport
2022-08-06 13:57:05,275 [NonParallelWorker] INFO Milestone4specflow.Utility.lognet - InitializeDriver
2022-08-06 13:57:05,480 [NonParallelWorker] INFO Milestone4specflow.Utility.lognet - closeDriver
2022-08-06 13:57:07,327 [NonParallelWorker] INFO Milestone4specflow.Utility.lognet - InitializeDriver
2022-08-06 13:57:09,600 [NonParallelWorker] INFO Milestone4specflow.Utility.lognet - NavigateURL
2022-08-06 13:57:12,094 [NonParallelWorker] INFO Milestone4specflow.Utility.lognet - Searchbox
2022-08-06 13:57:14,538 [NonParallelWorker] INFO Milestone4specflow.Utility.lognet - closeDriver
2022-08-06 13:57:16,434 [NonParallelWorker] INFO Milestone4specflow.Utility.lognet - InitializeDriver
2022-08-06 13:57:18,077 [NonParallelWorker] INFO Milestone4specflow.Utility.lognet - NavigateURL
2022-08-06 13:57:20,372 [NonParallelWorker] INFO Milestone4specflow.Utility.lognet - closeDriver
2022-08-06 13:57:27,947 [NonParallelWorker] INFO Milestone4specflow.Utility.lognet - flushReport
2022-08-06 14:13:04,087 [NonParallelWorker] INFO Milestone4specflow.Utility.lognet - generateReport
2022-08-06 14:13:06,081 [NonParallelWorker] INFO Milestone4specflow.Utility.lognet - InitializeDriver
2022-08-06 14:13:06,291 [NonParallelWorker] INFO Milestone4specflow.Utility.lognet - closeDriver
2022-08-06 14:13:08,133 [NonParallelWorker] INFO Milestone4specflow.Utility.lognet - InitializeDriver
2022-08-06 14:13:10,925 [NonParallelWorker] INFO Milestone4specflow.Utility.lognet - NavigateURL
2022-08-06 14:13:13,203 [NonParallelWorker] INFO Milestone4specflow.Utility.lognet - Searchbox
2022-08-06 14:13:15,600 [NonParallelWorker] INFO Milestone4specflow.Utility.lognet - closeDriver
2022-08-06 14:13:17,374 [NonParallelWorker] INFO Milestone4specflow.Utility.lognet - InitializeDriver
2022-08-06 14:13:19,209 [NonParallelWorker] INFO Milestone4specflow.Utility.lognet - NavigateURL
2022-08-06 14:13:21,547 [NonParallelWorker] INFO Milestone4specflow.Utility.lognet - closeDriver
2022-08-06 14:13:28,685 [NonParallelWorker] INFO Milestone4specflow.Utility.lognet - flushReport
2022-08-11 21:47:24,361 [NonParallelWorker] INFO Milestone4specflow.Utility.lognet - generateReport
2022-08-11 21:47:34,441 [NonParallelWorker] INFO Milestone4specflow.Utility.lognet - InitializeDriver
2022-08-11 21:47:36,365 [NonParallelWorker] INFO Milestone4specflow.Utility.lognet - closeDriver
2022-08-11 21:47:38,442 [NonParallelWorker] INFO Milestone4specflow.Utility.lognet - InitializeDriver
2022-08-11 21:47:43,292 [NonParallelWorker] INFO Milestone4specflow.Utility.lognet - NavigateURL
2022-08-11 21:47:45,496 [NonParallelWorker] INFO Milestone4specflow.Utility.lognet - Searchbox
2022-08-11 21:47:48,296 [NonParallelWorker] INFO Milestone4specflow.Utility.lognet - closeDriver
2022-08-11 21:47:50,436 [NonParallelWorker] INFO Milestone4specflow.Utility.lognet - InitializeDriver
2022-08-11 21:47:52,572 [NonParallelWorker] INFO Milestone4specflow.Utility.lognet - NavigateURL
2022-08-11 21:47:54,945 [NonParallelWorker] INFO Milestone4specflow.Utility.lognet - closeDriver
2022-08-11 21:48:06,546 [NonParallelWorker] INFO Milestone4specflow.Utility.lognet - flushReport
2022-08-11 21:50:35,837 [NonParallelWorker] INFO Milestone4specflow.Utility.lognet - generateReport
2022-08-11 21:50:51,451 [NonParallelWorker] INFO Milestone4specflow.Utility.lognet - InitializeDriver
2022-08-11 21:50:52,143 [NonParallelWorker] INFO Milestone4specflow.Utility.lognet - closeDriver
2022-08-11 21:50:54,231 [NonParallelWorker] INFO Milestone4specflow.Utility.lognet - InitializeDriver
2022-08-11 21:50:57,172 [NonParallelWorker] INFO Milestone4specflow.Utility.lognet - NavigateURL
2022-08-11 21:50:59,430 [NonParallelWorker] INFO Milestone4specflow.Utility.lognet - Searchbox
2022-08-11 21:51:01,803 [NonParallelWorker] INFO Milestone4specflow.Utility.lognet - closeDriver
2022-08-11 21:51:04,210 [NonParallelWorker] INFO Milestone4specflow.Utility.lognet - InitializeDriver
2022-08-11 21:51:06,156 [NonParallelWorker] INFO Milestone4specflow.Utility.lognet - NavigateURL
2022-08-11 21:51:08,385 [NonParallelWorker] INFO Milestone4specflow.Utility.lognet - closeDriver
2022-08-11 21:51:15,377 [NonParallelWorker] INFO Milestone4specflow.Utility.lognet - flushReport
2022-08-11 21:52:15,158 [NonParallelWorker] INFO Milestone4specflow.Utility.lognet - generateReport
2022-08-11 21:52:17,770 [NonParallelWorker] INFO Milestone4specflow.Utility.lognet - InitializeDriver
2022-08-11 21:52:18,135 [NonParallelWorker] INFO Milestone4specflow.Utility.lognet - closeDriver
2022-08-11 21:52:19,896 [NonParallelWorker] INFO Milestone4specflow.Utility.lognet - InitializeDriver
2022-08-11 21:52:22,342 [NonParallelWorker] INFO Milestone4specflow.Utility.lognet - NavigateURL
2022-08-11 21:52:24,626 [NonParallelWorker] INFO Milestone4specflow.Utility.lognet - Searchbox
2022-08-11 21:52:26,976 [NonParallelWorker] INFO Milestone4specflow.Utility.lognet - closeDriver
2022-08-11 21:52:28,746 [NonParallelWorker] INFO Milestone4specflow.Utility.lognet - InitializeDriver
2022-08-11 21:52:30,693 [NonParallelWorker] INFO Milestone4specflow.Utility.lognet - NavigateURL
2022-08-11 21:52:33,083 [NonParallelWorker] INFO Milestone4specflow.Utility.lognet - closeDriver
2022-08-11 21:52:39,889 [NonParallelWorker] INFO Milestone4specflow.Utility.lognet - flushReport
2022-08-11 21:53:36,065 [NonParallelWorker] INFO Milestone4specflow.Utility.lognet - generateReport
2022-08-11 21:53:38,265 [NonParallelWorker] INFO Milestone4specflow.Utility.lognet - InitializeDriver
2022-08-11 21:53:38,604 [NonParallelWorker] INFO Milestone4specflow.Utility.lognet - closeDriver
2022-08-11 21:53:40,514 [NonParallelWorker] INFO Milestone4specflow.Utility.lognet - InitializeDriver
2022-08-11 21:53:43,273 [NonParallelWorker] INFO Milestone4specflow.Utility.lognet - NavigateURL
2022-08-11 21:53:45,404 [NonParallelWorker] INFO Milestone4specflow.Utility.lognet - Searchbox
2022-08-11 21:53:47,700 [NonParallelWorker] INFO Milestone4specflow.Utility.lognet - closeDriver
2022-08-11 21:53:49,328 [NonParallelWorker] INFO Milestone4specflow.Utility.lognet - InitializeDriver
2022-08-11 21:53:51,078 [NonParallelWorker] INFO Milestone4specflow.Utility.lognet - NavigateURL
2022-08-11 21:53:57,487 [NonParallelWorker] INFO Milestone4specflow.Utility.lognet - closeDriver
2022-08-11 21:54:04,212 [NonParallelWorker] INFO Milestone4specflow.Utility.lognet - flushReport
2022-08-13 22:48:27,044 [NonParallelWorker] INFO Milestone4specflow.Utility.lognet - generateReport
2022-08-13 22:48:31,313 [NonParallelWorker] INFO Milestone4specflow.Utility.lognet - InitializeDriver
2022-08-13 22:48:34,167 [NonParallelWorker] INFO Milestone4specflow.Utility.lognet - NavigateURL
2022-08-13 22:48:36,806 [NonParallelWorker] INFO Milestone4specflow.Utility.lognet - Searchbox
2022-08-13 22:48:39,776 [NonParallelWorker] INFO Milestone4specflow.Utility.lognet - closeDriver
2022-08-13 22:48:46,399 [NonParallelWorker] INFO Milestone4specflow.Utility.lognet - flushReport
2022-08-13 22:50:05,714 [NonParallelWorker] INFO Milestone4specflow.Utility.lognet - generateReport
2022-08-13 22:50:07,622 [NonParallelWorker] INFO Milestone4specflow.Utility.lognet - InitializeDriver
2022-08-13 22:50:10,441 [NonParallelWorker] INFO Milestone4specflow.Utility.lognet - NavigateURL
2022-08-13 22:50:13,082 [NonParallelWorker] INFO Milestone4specflow.Utility.lognet - Searchbox
2022-08-13 22:50:15,566 [NonParallelWorker] INFO Milestone4specflow.Utility.lognet - closeDriver
2022-08-13 22:50:22,356 [NonParallelWorker] INFO Milestone4specflow.Utility.lognet - flushReport
2022-08-13 22:51:32,918 [NonParallelWorker] INFO Milestone4specflow.Utility.lognet - generateReport
2022-08-13 22:51:35,090 [NonParallelWorker] INFO Milestone4specflow.Utility.lognet - InitializeDriver
2022-08-13 22:51:37,430 [NonParallelWorker] INFO Milestone4specflow.Utility.lognet - NavigateURL
2022-08-13 22:51:39,548 [NonParallelWorker] INFO Milestone4specflow.Utility.lognet - Searchbox
2022-08-13 22:51:43,203 [NonParallelWorker] INFO Milestone4specflow.Utility.lognet - closeDriver
2022-08-13 22:51:49,668 [NonParallelWorker] INFO Milestone4specflow.Utility.lognet - flushReport
2022-08-13 22:54:19,150 [NonParallelWorker] INFO Milestone4specflow.Utility.lognet - generateReport
2022-08-13 22:54:21,425 [NonParallelWorker] INFO Milestone4specflow.Utility.lognet - InitializeDriver
2022-08-13 22:54:23,823 [NonParallelWorker] INFO Milestone4specflow.Utility.lognet - NavigateURL
2022-08-13 22:54:26,154 [NonParallelWorker] INFO Milestone4specflow.Utility.lognet - Searchbox
2022-08-13 22:54:29,701 [NonParallelWorker] INFO Milestone4specflow.Utility.lognet - closeDriver
2022-08-13 22:54:36,875 [NonParallelWorker] INFO Milestone4specflow.Utility.lognet - flushReport
2022-08-13 22:54:54,713 [NonParallelWorker] INFO Milestone4specflow.Utility.lognet - generateReport
2022-08-13 22:54:56,535 [NonParallelWorker] INFO Milestone4specflow.Utility.lognet - InitializeDriver
2022-08-13 22:54:58,791 [NonParallelWorker] INFO Milestone4specflow.Utility.lognet - NavigateURL
2022-08-13 22:55:01,127 [NonParallelWorker] INFO Milestone4specflow.Utility.lognet - Searchbox
2022-08-13 22:55:04,669 [NonParallelWorker] INFO Milestone4specflow.Utility.lognet - closeDriver
2022-08-13 22:55:11,633 [NonParallelWorker] INFO Milestone4specflow.Utility.lognet - flushReport
2022-08-13 22:58:14,528 [NonParallelWorker] INFO Milestone4specflow.Utility.lognet - generateReport
2022-08-13 22:58:16,455 [NonParallelWorker] INFO Milestone4specflow.Utility.lognet - InitializeDriver
2022-08-13 22:58:16,709 [NonParallelWorker] INFO Milestone4specflow.Utility.lognet - closeDriver
2022-08-13 22:58:18,698 [NonParallelWorker] INFO Milestone4specflow.Utility.lognet - InitializeDriver
2022-08-13 22:58:21,267 [NonParallelWorker] INFO Milestone4specflow.Utility.lognet - NavigateURL
2022-08-13 22:58:23,449 [NonParallelWorker] INFO Milestone4specflow.Utility.lognet - Searchbox
2022-08-13 22:58:26,877 [NonParallelWorker] INFO Milestone4specflow.Utility.lognet - closeDriver
2022-08-13 22:58:28,616 [NonParallelWorker] INFO Milestone4specflow.Utility.lognet - InitializeDriver
2022-08-13 22:58:30,730 [NonParallelWorker] INFO Milestone4specflow.Utility.lognet - NavigateURL
2022-08-13 22:58:36,966 [NonParallelWorker] INFO Milestone4specflow.Utility.lognet - closeDriver
2022-08-13 22:58:44,145 [NonParallelWorker] INFO Milestone4specflow.Utility.lognet - flushReport
2022-08-13 23:04:27,807 [NonParallelWorker] INFO Milestone4specflow.Utility.lognet - generateReport
2022-08-13 23:04:29,786 [NonParallelWorker] INFO Milestone4specflow.Utility.lognet - InitializeDriver
2022-08-13 23:04:32,816 [NonParallelWorker] INFO Milestone4specflow.Utility.lognet - NavigateURL
2022-08-13 23:04:35,040 [NonParallelWorker] INFO Milestone4specflow.Utility.lognet - Searchbox
2022-08-13 23:04:38,484 [NonParallelWorker] INFO Milestone4specflow.Utility.lognet - closeDriver
2022-08-13 23:04:45,150 [NonParallelWorker] INFO Milestone4specflow.Utility.lognet - flushReport
2022-08-13 23:08:41,611 [NonParallelWorker] INFO Milestone4specflow.Utility.lognet - generateReport
2022-08-13 23:08:43,504 [NonParallelWorker] INFO Milestone4specflow.Utility.lognet - InitializeDriver
2022-08-13 23:08:45,879 [NonParallelWorker] INFO Milestone4specflow.Utility.lognet - NavigateURL
2022-08-13 23:08:48,067 [NonParallelWorker] INFO Milestone4specflow.Utility.lognet - Searchbox
2022-08-13 23:08:51,568 [NonParallelWorker] INFO Milestone4specflow.Utility.lognet - closeDriver
2022-08-13 23:08:58,367 [NonParallelWorker] INFO Milestone4specflow.Utility.lognet - flushReport
2022-08-13 23:09:51,431 [NonParallelWorker] INFO Milestone4specflow.Utility.lognet - generateReport
2022-08-13 23:09:53,851 [NonParallelWorker] INFO Milestone4specflow.Utility.lognet - InitializeDriver
2022-08-13 23:09:54,036 [NonParallelWorker] INFO Milestone4specflow.Utility.lognet - closeDriver
2022-08-13 23:09:55,872 [NonParallelWorker] INFO Milestone4specflow.Utility.lognet - InitializeDriver
2022-08-13 23:09:59,182 [NonParallelWorker] INFO Milestone4specflow.Utility.lognet - NavigateURL
2022-08-13 23:10:01,405 [NonParallelWorker] INFO Milestone4specflow.Utility.lognet - Searchbox
2022-08-13 23:10:04,781 [NonParallelWorker] INFO Milestone4specflow.Utility.lognet - closeDriver
2022-08-13 23:10:06,601 [NonParallelWorker] INFO Milestone4specflow.Utility.lognet - InitializeDriver
2022-08-13 23:10:08,031 [NonParallelWorker] INFO Milestone4specflow.Utility.lognet - NavigateURL
2022-08-13 23:10:10,395 [NonParallelWorker] INFO Milestone4specflow.Utility.lognet - closeDriver
2022-08-13 23:10:17,458 [NonParallelWorker] INFO Milestone4specflow.Utility.lognet - flushReport
2022-08-13 23:11:55,113 [NonParallelWorker] INFO Milestone4specflow.Utility.lognet - generateReport
2022-08-13 23:11:57,661 [NonParallelWorker] INFO Milestone4specflow.Utility.lognet - InitializeDriver
2022-08-13 23:12:00,583 [NonParallelWorker] INFO Milestone4specflow.Utility.lognet - NavigateURL
2022-08-13 23:12:22,370 [NonParallelWorker] INFO Milestone4specflow.Utility.lognet - flushReport
2022-08-13 23:34:48,306 [NonParallelWorker] INFO Milestone4specflow.Utility.lognet - generateReport
2022-08-13 23:34:50,345 [NonParallelWorker] INFO Milestone4specflow.Utility.lognet - InitializeDriver
2022-08-13 23:34:52,289 [NonParallelWorker] INFO Milestone4specflow.Utility.lognet - NavigateURL
2022-08-13 23:34:56,421 [NonParallelWorker] INFO Milestone4specflow.Utility.lognet - Scrolltonavigate
2022-08-13 23:35:02,745 [NonParallelWorker] INFO Milestone4specflow.Utility.lognet - closeDriver
2022-08-13 23:35:09,489 [NonParallelWorker] INFO Milestone4specflow.Utility.lognet - flushReport
2022-08-13 23:36:44,969 [NonParallelWorker] INFO Milestone4specflow.Utility.lognet - generateReport
2022-08-13 23:36:46,957 [NonParallelWorker] INFO Milestone4specflow.Utility.lognet - InitializeDriver
2022-08-13 23:36:49,428 [NonParallelWorker] INFO Milestone4specflow.Utility.lognet - NavigateURL
2022-08-13 23:36:51,923 [NonParallelWorker] INFO Milestone4specflow.Utility.lognet - closeDriver
2022-08-13 23:36:58,330 [NonParallelWorker] INFO Milestone4specflow.Utility.lognet - flushReport
2022-08-14 03:55:56,820 [NonParallelWorker] INFO Milestone4specflow.Utility.lognet - generateReport
2022-08-14 03:55:58,523 [NonParallelWorker] INFO Milestone4specflow.Utility.lognet - InitializeDriver
2022-08-14 03:56:01,015 [NonParallelWorker] INFO Milestone4specflow.Utility.lognet - NavigateURL
2022-08-14 03:56:03,534 [NonParallelWorker] INFO Milestone4specflow.Utility.lognet - closeDriver
2022-08-14 03:56:08,261 [NonParallelWorker] INFO Milestone4specflow.Utility.lognet - flushReport
2022-08-14 03:56:14,504 [NonParallelWorker] INFO Milestone4specflow.Utility.lognet - generateReport
2022-08-14 03:56:16,163 [NonParallelWorker] INFO Milestone4specflow.Utility.lognet - InitializeDriver
2022-08-14 03:56:18,180 [NonParallelWorker] INFO Milestone4specflow.Utility.lognet - NavigateURL
2022-08-14 03:56:20,381 [NonParallelWorker] INFO Milestone4specflow.Utility.lognet - Searchbox
2022-08-14 03:56:23,730 [NonParallelWorker] INFO Milestone4specflow.Utility.lognet - closeDriver
2022-08-14 03:56:28,374 [NonParallelWorker] INFO Milestone4specflow.Utility.lognet - flushReport
2022-08-14 04:06:38,798 [NonParallelWorker] INFO Milestone4specflow.Utility.lognet - generateReport
2022-08-14 04:06:40,638 [NonParallelWorker] INFO Milestone4specflow.Utility.lognet - InitializeDriver
2022-08-14 04:06:42,978 [NonParallelWorker] INFO Milestone4specflow.Utility.lognet - NavigateURL
2022-08-14 04:06:45,117 [NonParallelWorker] INFO Milestone4specflow.Utility.lognet - Searchbox
2022-08-14 04:06:48,476 [NonParallelWorker] INFO Milestone4specflow.Utility.lognet - closeDriver
2022-08-14 04:06:54,109 [NonParallelWorker] INFO Milestone4specflow.Utility.lognet - flushReport
2022-08-14 04:10:46,627 [NonParallelWorker] INFO Milestone4specflow.Utility.lognet - generateReport
2022-08-14 04:10:48,355 [NonParallelWorker] INFO Milestone4specflow.Utility.lognet - InitializeDriver
2022-08-14 04:11:05,099 [NonParallelWorker] INFO Milestone4specflow.Utility.lognet - NavigateURL
2022-08-14 04:11:07,228 [NonParallelWorker] INFO Milestone4specflow.Utility.lognet - Searchbox
2022-08-14 04:11:10,685 [NonParallelWorker] INFO Milestone4specflow.Utility.lognet - Shampoo
2022-08-14 04:11:14,976 [NonParallelWorker] INFO Milestone4specflow.Utility.lognet - closeDriver
2022-08-14 04:11:20,204 [NonParallelWorker] INFO Milestone4specflow.Utility.lognet - flushReport
2022-08-14 04:13:14,181 [NonParallelWorker] INFO Milestone4specflow.Utility.lognet - generateReport
2022-08-14 04:13:15,845 [NonParallelWorker] INFO Milestone4specflow.Utility.lognet - InitializeDriver
2022-08-14 04:13:18,602 [NonParallelWorker] INFO Milestone4specflow.Utility.lognet - NavigateURL
2022-08-14 04:13:20,739 [NonParallelWorker] INFO Milestone4specflow.Utility.lognet - Searchbox
2022-08-14 04:13:24,110 [NonParallelWorker] INFO Milestone4specflow.Utility.lognet - Shampoo
2022-08-14 04:13:30,441 [NonParallelWorker] INFO Milestone4specflow.Utility.lognet - closeDriver
2022-08-14 04:13:35,581 [NonParallelWorker] INFO Milestone4specflow.Utility.lognet - flushReport
2022-08-14 04:14:15,981 [NonParallelWorker] INFO Milestone4specflow.Utility.lognet - generateReport
2022-08-14 04:14:17,651 [NonParallelWorker] INFO Milestone4specflow.Utility.lognet - InitializeDriver
2022-08-14 04:14:34,586 [NonParallelWorker] INFO Milestone4specflow.Utility.lognet - NavigateURL
2022-08-14 04:14:36,738 [NonParallelWorker] INFO Milestone4specflow.Utility.lognet - Searchbox
2022-08-14 04:14:40,099 [NonParallelWorker] INFO Milestone4specflow.Utility.lognet - Shampoo
2022-08-14 04:14:49,381 [NonParallelWorker] INFO Milestone4specflow.Utility.lognet - closeDriver
2022-08-14 04:14:55,018 [NonParallelWorker] INFO Milestone4specflow.Utility.lognet - flushReport
2022-08-14 04:17:26,225 [NonParallelWorker] INFO Milestone4specflow.Utility.lognet - generateReport
2022-08-14 04:17:28,033 [NonParallelWorker] INFO Milestone4specflow.Utility.lognet - InitializeDriver
2022-08-14 04:17:30,832 [NonParallelWorker] INFO Milestone4specflow.Utility.lognet - NavigateURL
2022-08-14 04:17:32,965 [NonParallelWorker] INFO Milestone4specflow.Utility.lognet - Searchbox
2022-08-14 04:17:36,370 [NonParallelWorker] INFO Milestone4specflow.Utility.lognet - Shampoo
2022-08-14 04:17:43,722 [NonParallelWorker] INFO Milestone4specflow.Utility.lognet - closeDriver
2022-08-14 04:17:49,289 [NonParallelWorker] INFO Milestone4specflow.Utility.lognet - flushReport
2022-08-14 04:18:32,553 [NonParallelWorker] INFO Milestone4specflow.Utility.lognet - generateReport
2022-08-14 04:18:34,305 [NonParallelWorker] INFO Milestone4specflow.Utility.lognet - InitializeDriver
2022-08-14 04:18:51,204 [NonParallelWorker] INFO Milestone4specflow.Utility.lognet - NavigateURL
2022-08-14 04:18:53,347 [NonParallelWorker] INFO Milestone4specflow.Utility.lognet - Searchbox
2022-08-14 04:18:56,710 [NonParallelWorker] INFO Milestone4specflow.Utility.lognet - Shampoo
2022-08-14 04:19:03,763 [NonParallelWorker] INFO Milestone4specflow.Utility.lognet - Search results
2022-08-14 04:19:05,888 [NonParallelWorker] INFO Milestone4specflow.Utility.lognet - given capture
2022-08-14 04:19:10,089 [NonParallelWorker] INFO Milestone4specflow.Utility.lognet - closeDriver
2022-08-14 04:19:15,656 [NonParallelWorker] INFO Milestone4specflow.Utility.lognet - flushReport
2022-08-14 04:21:06,335 [NonParallelWorker] INFO Milestone4specflow.Utility.lognet - generateReport
2022-08-14 04:21:07,960 [NonParallelWorker] INFO Milestone4specflow.Utility.lognet - InitializeDriver
2022-08-14 04:21:09,924 [NonParallelWorker] INFO Milestone4specflow.Utility.lognet - NavigateURL
2022-08-14 04:21:12,268 [NonParallelWorker] INFO Milestone4specflow.Utility.lognet - closeDriver
2022-08-14 04:21:17,643 [NonParallelWorker] INFO Milestone4specflow.Utility.lognet - flushReport
2022-08-14 04:22:03,714 [NonParallelWorker] INFO Milestone4specflow.Utility.lognet - generateReport
2022-08-14 04:22:05,523 [NonParallelWorker] INFO Milestone4specflow.Utility.lognet - InitializeDriver
2022-08-14 04:22:07,468 [NonParallelWorker] INFO Milestone4specflow.Utility.lognet - NavigateURL
2022-08-14 04:22:12,773 [NonParallelWorker] INFO Milestone4specflow.Utility.lognet - closeDriver
2022-08-14 04:22:18,079 [NonParallelWorker] INFO Milestone4specflow.Utility.lognet - flushReport
2022-08-14 04:25:42,168 [NonParallelWorker] INFO Milestone4specflow.Utility.lognet - generateReport
2022-08-14 04:25:43,970 [NonParallelWorker] INFO Milestone4specflow.Utility.lognet - InitializeDriver
2022-08-14 04:25:46,483 [NonParallelWorker] INFO Milestone4specflow.Utility.lognet - NavigateURL
2022-08-14 04:25:53,543 [NonParallelWorker] INFO Milestone4specflow.Utility.lognet - Scrolltonavigate
2022-08-14 04:26:00,848 [NonParallelWorker] INFO Milestone4specflow.Utility.lognet - closeDriver
2022-08-14 04:26:06,567 [NonParallelWorker] INFO Milestone4specflow.Utility.lognet - flushReport
2022-08-14 04:27:56,991 [NonParallelWorker] INFO Milestone4specflow.Utility.lognet - generateReport
2022-08-14 04:27:58,893 [NonParallelWorker] INFO Milestone4specflow.Utility.lognet - InitializeDriver
2022-08-14 04:28:01,283 [NonParallelWorker] INFO Milestone4specflow.Utility.lognet - NavigateURL
2022-08-14 04:28:08,866 [NonParallelWorker] INFO Milestone4specflow.Utility.lognet - Scrolltonavigate
2022-08-14 04:28:11,317 [NonParallelWorker] INFO Milestone4specflow.Utility.lognet - closeDriver
2022-08-14 04:28:17,141 [NonParallelWorker] INFO Milestone4specflow.Utility.lognet - flushReport
2022-08-14 04:28:47,796 [NonParallelWorker] INFO Milestone4specflow.Utility.lognet - generateReport
2022-08-14 04:28:49,683 [NonParallelWorker] INFO Milestone4specflow.Utility.lognet - InitializeDriver
2022-08-14 04:28:51,534 [NonParallelWorker] INFO Milestone4specflow.Utility.lognet - NavigateURL
2022-08-14 04:28:59,095 [NonParallelWorker] INFO Milestone4specflow.Utility.lognet - Scrolltonavigate
2022-08-14 04:29:04,738 [NonParallelWorker] INFO Milestone4specflow.Utility.lognet - closeDriver
2022-08-14 04:29:10,770 [NonParallelWorker] INFO Milestone4specflow.Utility.lognet - flushReport
2022-08-14 04:33:51,647 [NonParallelWorker] INFO Milestone4specflow.Utility.lognet - generateReport
2022-08-14 04:33:53,330 [NonParallelWorker] INFO Milestone4specflow.Utility.lognet - InitializeDriver
2022-08-14 04:33:56,778 [NonParallelWorker] INFO Milestone4specflow.Utility.lognet - NavigateURL
2022-08-14 04:34:03,837 [NonParallelWorker] INFO Milestone4specflow.Utility.lognet - Scrolltonavigate
2022-08-14 04:34:10,389 [NonParallelWorker] INFO Milestone4specflow.Utility.lognet - discover
2022-08-14 04:34:14,711 [NonParallelWorker] INFO Milestone4specflow.Utility.lognet - closeDriver
2022-08-14 04:34:20,227 [NonParallelWorker] INFO Milestone4specflow.Utility.lognet - flushReport
2022-08-14 04:34:59,735 [NonParallelWorker] INFO Milestone4specflow.Utility.lognet - generateReport
2022-08-14 04:35:01,400 [NonParallelWorker] INFO Milestone4specflow.Utility.lognet - InitializeDriver
2022-08-14 04:35:04,089 [NonParallelWorker] INFO Milestone4specflow.Utility.lognet - NavigateURL
2022-08-14 04:35:11,151 [NonParallelWorker] INFO Milestone4specflow.Utility.lognet - Scrolltonavigate
2022-08-14 04:35:17,331 [NonParallelWorker] INFO Milestone4specflow.Utility.lognet - discover
2022-08-14 04:35:22,635 [NonParallelWorker] INFO Milestone4specflow.Utility.lognet - closeDriver
2022-08-14 04:35:28,111 [NonParallelWorker] INFO Milestone4specflow.Utility.lognet - flushReport
2022-08-14 04:37:46,671 [NonParallelWorker] INFO Milestone4specflow.Utility.lognet - generateReport
2022-08-14 04:37:48,356 [NonParallelWorker] INFO Milestone4specflow.Utility.lognet - InitializeDriver
2022-08-14 04:37:50,582 [NonParallelWorker] INFO Milestone4specflow.Utility.lognet - NavigateURL
2022-08-14 04:37:57,649 [NonParallelWorker] INFO Milestone4specflow.Utility.lognet - Scrolltonavigate
2022-08-14 04:38:03,561 [NonParallelWorker] INFO Milestone4specflow.Utility.lognet - discover
2022-08-14 04:38:12,808 [NonParallelWorker] INFO Milestone4specflow.Utility.lognet - closeDriver
2022-08-14 04:38:18,687 [NonParallelWorker] INFO Milestone4specflow.Utility.lognet - flushReport
2022-08-14 04:38:28,077 [NonParallelWorker] INFO Milestone4specflow.Utility.lognet - generateReport
2022-08-14 04:38:29,728 [NonParallelWorker] INFO Milestone4specflow.Utility.lognet - InitializeDriver
2022-08-14 04:38:32,017 [NonParallelWorker] INFO Milestone4specflow.Utility.lognet - NavigateURL
2022-08-14 04:38:39,061 [NonParallelWorker] INFO Milestone4specflow.Utility.lognet - Scrolltonavigate
2022-08-14 04:38:44,727 [NonParallelWorker] INFO Milestone4specflow.Utility.lognet - discover
2022-08-14 04:38:54,060 [NonParallelWorker] INFO Milestone4specflow.Utility.lognet - closeDriver
2022-08-14 04:39:01,817 [NonParallelWorker] INFO Milestone4specflow.Utility.lognet - flushReport
2022-08-14 04:39:59,801 [NonParallelWorker] INFO Milestone4specflow.Utility.lognet - generateReport
2022-08-14 04:40:01,500 [NonParallelWorker] INFO Milestone4specflow.Utility.lognet - InitializeDriver
2022-08-14 04:40:04,034 [NonParallelWorker] INFO Milestone4specflow.Utility.lognet - NavigateURL
2022-08-14 04:40:11,103 [NonParallelWorker] INFO Milestone4specflow.Utility.lognet - Scrolltonavigate
2022-08-14 04:40:17,098 [NonParallelWorker] INFO Milestone4specflow.Utility.lognet - discover
2022-08-14 04:40:22,435 [NonParallelWorker] INFO Milestone4specflow.Utility.lognet - closeDriver
2022-08-14 04:40:28,184 [NonParallelWorker] INFO Milestone4specflow.Utility.lognet - flushReport
2022-08-14 04:42:46,165 [NonParallelWorker] INFO Milestone4specflow.Utility.lognet - generateReport
2022-08-14 04:42:47,897 [NonParallelWorker] INFO Milestone4specflow.Utility.lognet - InitializeDriver
2022-08-14 04:42:49,583 [NonParallelWorker] INFO Milestone4specflow.Utility.lognet - NavigateURL
2022-08-14 04:42:56,630 [NonParallelWorker] INFO Milestone4specflow.Utility.lognet - Scrolltonavigate
2022-08-14 04:43:02,333 [NonParallelWorker] INFO Milestone4specflow.Utility.lognet - discover
2022-08-14 04:43:09,404 [NonParallelWorker] INFO Milestone4specflow.Utility.lognet - LetsStopTheBeautyTest
2022-08-14 04:43:12,274 [NonParallelWorker] INFO Milestone4specflow.Utility.lognet - StopTheBeautycapture
2022-08-14 04:43:16,577 [NonParallelWorker] INFO Milestone4specflow.Utility.lognet - closeDriver
2022-08-14 04:43:24,380 [NonParallelWorker] INFO Milestone4specflow.Utility.lognet - flushReport
2022-08-14 04:53:37,877 [NonParallelWorker] INFO Milestone4specflow.Utility.lognet - generateReport
2022-08-14 04:53:39,654 [NonParallelWorker] INFO Milestone4specflow.Utility.lognet - InitializeDriver
2022-08-14 04:53:39,822 [NonParallelWorker] INFO Milestone4specflow.Utility.lognet - closeDriver
2022-08-14 04:53:41,535 [NonParallelWorker] INFO Milestone4specflow.Utility.lognet - InitializeDriver
2022-08-14 04:53:45,091 [NonParallelWorker] INFO Milestone4specflow.Utility.lognet - NavigateURL
2022-08-14 04:53:47,237 [NonParallelWorker] INFO Milestone4specflow.Utility.lognet - Searchbox
2022-08-14 04:54:04,340 [NonParallelWorker] INFO Milestone4specflow.Utility.lognet - InitializeDriver
2022-08-14 04:54:06,075 [NonParallelWorker] INFO Milestone4specflow.Utility.lognet - NavigateURL
2022-08-14 04:54:13,255 [NonParallelWorker] INFO Milestone4specflow.Utility.lognet - Scrolltonavigate
2022-08-14 04:54:19,271 [NonParallelWorker] INFO Milestone4specflow.Utility.lognet - discover
2022-08-14 04:54:26,353 [NonParallelWorker] INFO Milestone4specflow.Utility.lognet - LetsStopTheBeautyTest
2022-08-14 04:54:29,218 [NonParallelWorker] INFO Milestone4specflow.Utility.lognet - StopTheBeautycapture
2022-08-14 04:54:29,345 [NonParallelWorker] INFO Milestone4specflow.Utility.lognet - closeDriver
2022-08-14 04:54:35,291 [NonParallelWorker] INFO Milestone4specflow.Utility.lognet - flushReport
2022-08-14 04:58:14,174 [NonParallelWorker] INFO Milestone4specflow.Utility.lognet - generateReport
2022-08-14 04:58:15,993 [NonParallelWorker] INFO Milestone4specflow.Utility.lognet - InitializeDriver
2022-08-14 04:58:18,224 [NonParallelWorker] INFO Milestone4specflow.Utility.lognet - NavigateURL
2022-08-14 04:58:25,283 [NonParallelWorker] INFO Milestone4specflow.Utility.lognet - Scrolltonavigate
2022-08-14 04:58:31,672 [NonParallelWorker] INFO Milestone4specflow.Utility.lognet - closeDriver
2022-08-14 04:58:37,322 [NonParallelWorker] INFO Milestone4specflow.Utility.lognet - flushReport
2022-08-14 04:59:35,444 [NonParallelWorker] INFO Milestone4specflow.Utility.lognet - generateReport
2022-08-14 04:59:37,116 [NonParallelWorker] INFO Milestone4specflow.Utility.lognet - InitializeDriver
2022-08-14 04:59:39,730 [NonParallelWorker] INFO Milestone4specflow.Utility.lognet - NavigateURL
2022-08-14 04:59:46,805 [NonParallelWorker] INFO Milestone4specflow.Utility.lognet - Scrolltonavigate
2022-08-14 04:59:52,514 [NonParallelWorker] INFO Milestone4specflow.Utility.lognet - Click on terms of use
2022-08-14 05:00:03,868 [NonParallelWorker] INFO Milestone4specflow.Utility.lognet - closeDriver
2022-08-14 05:00:09,343 [NonParallelWorker] INFO Milestone4specflow.Utility.lognet - flushReport
2022-08-14 05:01:00,790 [NonParallelWorker] INFO Milestone4specflow.Utility.lognet - generateReport
2022-08-14 05:01:02,517 [NonParallelWorker] INFO Milestone4specflow.Utility.lognet - InitializeDriver
2022-08-14 05:01:05,233 [NonParallelWorker] INFO Milestone4specflow.Utility.lognet - NavigateURL
2022-08-14 05:01:12,289 [NonParallelWorker] INFO Milestone4specflow.Utility.lognet - Scrolltonavigate
2022-08-14 05:01:17,938 [NonParallelWorker] INFO Milestone4specflow.Utility.lognet - Click on terms of use
2022-08-14 05:01:25,012 [NonParallelWorker] INFO Milestone4specflow.Utility.lognet - prohibiteduses
2022-08-14 05:01:27,169 [NonParallelWorker] INFO Milestone4specflow.Utility.lognet - terms of use
2022-08-14 05:01:27,344 [NonParallelWorker] INFO Milestone4specflow.Utility.lognet - closeDriver
2022-08-14 05:01:33,979 [NonParallelWorker] INFO Milestone4specflow.Utility.lognet - flushReport
2022-08-14 05:01:42,552 [NonParallelWorker] INFO Milestone4specflow.Utility.lognet - generateReport
2022-08-14 05:01:44,324 [NonParallelWorker] INFO Milestone4specflow.Utility.lognet - InitializeDriver
2022-08-14 05:01:46,112 [NonParallelWorker] INFO Milestone4specflow.Utility.lognet - NavigateURL
2022-08-14 05:01:53,174 [NonParallelWorker] INFO Milestone4specflow.Utility.lognet - Scrolltonavigate
2022-08-14 05:01:59,089 [NonParallelWorker] INFO Milestone4specflow.Utility.lognet - Click on terms of use
2022-08-14 05:02:06,157 [NonParallelWorker] INFO Milestone4specflow.Utility.lognet - prohibiteduses
2022-08-14 05:02:08,378 [NonParallelWorker] INFO Milestone4specflow.Utility.lognet - terms of use
2022-08-14 05:02:08,607 [NonParallelWorker] INFO Milestone4specflow.Utility.lognet - closeDriver
2022-08-14 05:02:10,471 [NonParallelWorker] INFO Milestone4specflow.Utility.lognet - InitializeDriver
2022-08-14 05:02:27,201 [NonParallelWorker] INFO Milestone4specflow.Utility.lognet - NavigateURL
2022-08-14 05:02:29,379 [NonParallelWorker] INFO Milestone4specflow.Utility.lognet - Searchbox
2022-08-14 05:02:32,960 [NonParallelWorker] INFO Milestone4specflow.Utility.lognet - Shampoo
2022-08-14 05:02:40,056 [NonParallelWorker] INFO Milestone4specflow.Utility.lognet - Search results
2022-08-14 05:02:42,244 [NonParallelWorker] INFO Milestone4specflow.Utility.lognet - given capture
2022-08-14 05:02:42,476 [NonParallelWorker] INFO Milestone4specflow.Utility.lognet - closeDriver
2022-08-14 05:02:44,080 [NonParallelWorker] INFO Milestone4specflow.Utility.lognet - InitializeDriver
2022-08-14 05:02:45,713 [NonParallelWorker] INFO Milestone4specflow.Utility.lognet - NavigateURL
2022-08-14 05:02:52,766 [NonParallelWorker] INFO Milestone4specflow.Utility.lognet - Scrolltonavigate
2022-08-14 05:02:58,831 [NonParallelWorker] INFO Milestone4specflow.Utility.lognet - discover
2022-08-14 05:03:05,903 [NonParallelWorker] INFO Milestone4specflow.Utility.lognet - LetsStopTheBeautyTest
2022-08-14 05:03:08,661 [NonParallelWorker] INFO Milestone4specflow.Utility.lognet - StopTheBeautycapture
2022-08-14 05:03:08,838 [NonParallelWorker] INFO Milestone4specflow.Utility.lognet - closeDriver
2022-08-14 05:03:14,100 [NonParallelWorker] INFO Milestone4specflow.Utility.lognet - flushReport
